17:42:23.651 INFO [c.S.R.RentACarApplication]  Starting RentACarApplication on DESKTOP-72PVD2H with PID 9200 (started by Zorka in D:\Master projekat\Master-SmartContracts-with-BPMN\RentACar)
17:42:23.651 DEBUG [c.S.R.RentACarApplication]  Running with Spring Boot v2.0.2.RELEASE, Spring v5.0.6.RELEASE
17:42:23.667 INFO [c.S.R.RentACarApplication]  No active profile set, falling back to default profiles: default
17:42:25.198 INFO [o.a.c.h.Http11NioProtocol]  Initializing ProtocolHandler ["http-nio-8090"]
17:42:25.211 INFO [o.a.c.c.StandardService]  Starting service [Tomcat]
17:42:25.211 INFO [o.a.c.c.StandardEngine]  Starting Servlet Engine: Apache Tomcat/8.5.31
17:42:25.229 INFO [o.a.c.c.AprLifecycleListener]  The APR based Apache Tomcat Native library which allows optimal performance in production environments was not found on the java.library.path: [C:\Program Files\Java\jre1.8.0_211\bin;C:\WINDOWS\Sun\Java\bin;C:\WINDOWS\system32;C:\WINDOWS;C:/Program Files/Java/jre1.8.0_211/bin/server;C:/Program Files/Java/jre1.8.0_211/bin;C:/Program Files/Java/jre1.8.0_211/lib/amd64;C:\Program Files (x86)\Common Files\Oracle\Java\javapath;C:\Program Files\Python37\Scripts\;C:\Program Files\Python37\;C:\WINDOWS\system32;C:\WINDOWS;C:\WINDOWS\System32\Wbem;C:\WINDOWS\System32\WindowsPowerShell\v1.0\;C:\Program Files\Microsoft VS Code\bin;C:\Program Files\dotnet\;C:\Program Files\Microsoft SQL Server\130\Tools\Binn\;C:\Program Files (x86)\Microsoft SQL Server\Client SDK\ODBC\130\Tools\Binn\;C:\Program Files (x86)\Microsoft SQL Server\140\Tools\Binn\;C:\Program Files (x86)\Microsoft SQL Server\140\DTS\Binn\;C:\Program Files (x86)\Microsoft SQL Server\140\Tools\Binn\ManagementStudio\;C:\WINDOWS\System32\OpenSSH\;C:\Program Files\Intel\WiFi\bin\;C:\Program Files\Common Files\Intel\WirelessCommon\;D:\Downloads\;D:\Git\cmd;C:\Program Files\Microsoft SQL Server\Client SDK\ODBC\110\Tools\Binn\;C:\Program Files (x86)\Microsoft SQL Server\120\Tools\Binn\;C:\Program Files\Microsoft SQL Server\120\Tools\Binn\;C:\Program Files\Microsoft SQL Server\120\DTS\Binn\;C:\Program Files\Git\cmd;C:\Program Files (x86)\Microsoft SQL Server\150\DTS\Binn\;C:\Program Files\Java\jdk1.8.0_211\bin;C:\Program Files\Java\jre1.8.0_211\bin;%JAVA_HOME%\bin;C:\Users\Zorka\AppData\Roaming\npm;D:\Downloads\apache-maven-3.6.1\bin;C:\Program Files\MySQL\MySQL Shell 8.0\bin\;C:\Users\Zorka\AppData\Roaming\npm;C:\Users\Zorka\.dotnet\tools;C:\Users\Zorka\.dotnet\tools;C:\Users\Zorka\eclipse\jee-photon\eclipse;;.]
17:42:25.370 INFO [o.a.c.c.C.[.[.[/]]  Initializing Spring embedded WebApplicationContext
17:42:25.573 DEBUG [o.c.b.s.b.s.w.CamundaBpmWebappInitializer]  Filter Authentication Filter for URL [/*] registered.
17:42:25.573 DEBUG [o.c.b.s.b.s.w.CamundaBpmWebappInitializer]  Filter Security Filter for URL [/*] registered.
17:42:25.573 DEBUG [o.c.b.s.b.s.w.CamundaBpmWebappInitializer]  Filter Engines Filter for URL [/app/*] registered.
17:42:25.573 DEBUG [o.c.b.s.b.s.w.CamundaBpmWebappInitializer]  Filter CacheControlFilter for URL [/api/*] registered.
17:42:25.589 DEBUG [o.c.b.s.b.s.w.CamundaBpmWebappInitializer]  Servlet Cockpit Api for URL [/api/cockpit/*] registered.
17:42:25.589 DEBUG [o.c.b.s.b.s.w.CamundaBpmWebappInitializer]  Servlet Admin Api for URL [/api/admin/*] registered.
17:42:25.589 DEBUG [o.c.b.s.b.s.w.CamundaBpmWebappInitializer]  Servlet Tasklist Api for URL [/api/tasklist/*] registered.
17:42:25.589 DEBUG [o.c.b.s.b.s.w.CamundaBpmWebappInitializer]  Servlet Engine Api for URL [/api/engine/*] registered.
17:42:25.604 DEBUG [o.c.b.s.b.s.w.f.LazyInitRegistration]  skipping lazy init for org.camunda.bpm.spring.boot.starter.webapp.filter.LazyProcessEnginesFilter@58b9b476 because application context not initialized yet
17:42:25.604 DEBUG [o.c.b.s.b.s.w.f.LazyInitRegistration]  skipping lazy init for org.camunda.bpm.spring.boot.starter.webapp.filter.LazySecurityFilter@2f421209 because application context not initialized yet
17:42:25.839 DEBUG [c.z.h.HikariConfig]  Driver class com.mysql.jdbc.Driver found in Thread context class loader sun.misc.Launcher$AppClassLoader@2a139a55
17:42:25.897 INFO [o.c.b.s.boot]  STARTER-SB040 Setting up jobExecutor with corePoolSize=3, maxPoolSize:10
17:42:26.037 INFO [o.c.b.e.cfg]  ENGINE-12003 Plugin 'CompositeProcessEnginePlugin[genericPropertiesConfiguration, camundaProcessEngineConfiguration, camundaDatasourceConfiguration, camundaJobConfiguration, camundaHistoryConfiguration, camundaMetricsConfiguration, camundaAuthorizationConfiguration, camundaDeploymentConfiguration, failedJobConfiguration]' activated on process engine 'default'
17:42:26.053 DEBUG [o.c.b.s.b.s.c.i.DefaultDeploymentConfiguration]  resolving deployment resources for pattern classpath*:**/*.cmmn
17:42:27.886 DEBUG [o.c.b.s.b.s.c.i.DefaultDeploymentConfiguration]  processing deployment resource file [D:\Master projekat\Master-SmartContracts-with-BPMN\RentACar\target\classes\RentACar.bpmn]
17:42:27.886 DEBUG [o.c.b.s.b.s.c.i.DefaultDeploymentConfiguration]  added deployment resource file [D:\Master projekat\Master-SmartContracts-with-BPMN\RentACar\target\classes\RentACar.bpmn]
17:42:27.886 DEBUG [o.c.b.s.b.s.c.i.DefaultDeploymentConfiguration]  processing deployment resource URL [jar:file:/C:/Users/Zorka/.m2/repository/org/camunda/bpm/dmn/camunda-engine-dmn/7.9.0/camunda-engine-dmn-7.9.0.jar!/META-INF/maven/org.camunda.bpm.dmn/]
17:42:27.886 DEBUG [o.c.b.s.b.s.c.i.DefaultDeploymentConfiguration]  processing deployment resource URL [jar:file:/C:/Users/Zorka/.m2/repository/org/camunda/bpm/dmn/camunda-engine-feel-api/7.9.0/camunda-engine-feel-api-7.9.0.jar!/META-INF/maven/org.camunda.bpm.dmn/]
17:42:27.886 DEBUG [o.c.b.s.b.s.c.i.DefaultDeploymentConfiguration]  processing deployment resource URL [jar:file:/C:/Users/Zorka/.m2/repository/org/camunda/bpm/dmn/camunda-engine-feel-juel/7.9.0/camunda-engine-feel-juel-7.9.0.jar!/META-INF/maven/org.camunda.bpm.dmn/]
17:42:27.886 INFO [o.c.b.s.boot]  STARTER-SB021 Auto-Deploying resources: [file [D:\Master projekat\Master-SmartContracts-with-BPMN\RentACar\target\classes\RentACar.bpmn]]
17:42:28.136 DEBUG [c.z.h.HikariConfig]  HikariPool-1 - configuration:
17:42:28.136 DEBUG [c.z.h.HikariConfig]  allowPoolSuspension.............false
17:42:28.136 DEBUG [c.z.h.HikariConfig]  autoCommit......................true
17:42:28.136 DEBUG [c.z.h.HikariConfig]  catalog.........................none
17:42:28.136 DEBUG [c.z.h.HikariConfig]  connectionInitSql...............none
17:42:28.136 DEBUG [c.z.h.HikariConfig]  connectionTestQuery.............none
17:42:28.136 DEBUG [c.z.h.HikariConfig]  connectionTimeout...............30000
17:42:28.136 DEBUG [c.z.h.HikariConfig]  dataSource......................none
17:42:28.136 DEBUG [c.z.h.HikariConfig]  dataSourceClassName.............none
17:42:28.136 DEBUG [c.z.h.HikariConfig]  dataSourceJNDI..................none
17:42:28.136 DEBUG [c.z.h.HikariConfig]  dataSourceProperties............{password=<masked>}
17:42:28.136 DEBUG [c.z.h.HikariConfig]  driverClassName................."com.mysql.jdbc.Driver"
17:42:28.136 DEBUG [c.z.h.HikariConfig]  healthCheckProperties...........{}
17:42:28.136 DEBUG [c.z.h.HikariConfig]  healthCheckRegistry.............none
17:42:28.136 DEBUG [c.z.h.HikariConfig]  idleTimeout.....................600000
17:42:28.136 DEBUG [c.z.h.HikariConfig]  initializationFailFast..........true
17:42:28.136 DEBUG [c.z.h.HikariConfig]  initializationFailTimeout.......1
17:42:28.136 DEBUG [c.z.h.HikariConfig]  isolateInternalQueries..........false
17:42:28.136 DEBUG [c.z.h.HikariConfig]  jdbc4ConnectionTest.............false
17:42:28.136 DEBUG [c.z.h.HikariConfig]  jdbcUrl.........................jdbc:mysql://localhost:3306/master-rent_a_car?useSSL=false&allowPublicKeyRetrieval=true&useUnicode=yes&characterEncoding=utf8
17:42:28.136 DEBUG [c.z.h.HikariConfig]  leakDetectionThreshold..........0
17:42:28.136 DEBUG [c.z.h.HikariConfig]  maxLifetime.....................1800000
17:42:28.136 DEBUG [c.z.h.HikariConfig]  maximumPoolSize.................10
17:42:28.136 DEBUG [c.z.h.HikariConfig]  metricRegistry..................none
17:42:28.136 DEBUG [c.z.h.HikariConfig]  metricsTrackerFactory...........none
17:42:28.136 DEBUG [c.z.h.HikariConfig]  minimumIdle.....................10
17:42:28.136 DEBUG [c.z.h.HikariConfig]  password........................<masked>
17:42:28.136 DEBUG [c.z.h.HikariConfig]  poolName........................"HikariPool-1"
17:42:28.136 DEBUG [c.z.h.HikariConfig]  readOnly........................false
17:42:28.136 DEBUG [c.z.h.HikariConfig]  registerMbeans..................false
17:42:28.136 DEBUG [c.z.h.HikariConfig]  scheduledExecutor...............none
17:42:28.136 DEBUG [c.z.h.HikariConfig]  scheduledExecutorService........internal
17:42:28.136 DEBUG [c.z.h.HikariConfig]  schema..........................none
17:42:28.136 DEBUG [c.z.h.HikariConfig]  threadFactory...................internal
17:42:28.136 DEBUG [c.z.h.HikariConfig]  transactionIsolation............default
17:42:28.136 DEBUG [c.z.h.HikariConfig]  username........................"root"
17:42:28.136 DEBUG [c.z.h.HikariConfig]  validationTimeout...............5000
17:42:28.136 INFO [c.z.h.HikariDataSource]  HikariPool-1 - Starting...
17:42:28.136 WARN [c.z.h.u.DriverDataSource]  Registered driver with driverClassName=com.mysql.jdbc.Driver was not found, trying direct instantiation.
17:42:28.136 DEBUG [c.z.h.u.DriverDataSource]  Driver class com.mysql.jdbc.Driver found in Thread context class loader sun.misc.Launcher$AppClassLoader@2a139a55
17:42:28.777 DEBUG [c.z.h.p.HikariPool]  HikariPool-1 - Added connection com.mysql.cj.jdbc.ConnectionImpl@7fb66650
17:42:28.777 INFO [c.z.h.HikariDataSource]  HikariPool-1 - Start completed.
17:42:28.777 DEBUG [o.c.b.e.cfg]  ENGINE-12004 Database product name MySQL
17:42:28.777 DEBUG [o.c.b.e.cfg]  ENGINE-12005 Database type mysql
17:42:28.871 DEBUG [o.a.i.l.LogFactory]  Logging initialized using 'class org.apache.ibatis.logging.slf4j.Slf4jImpl' adapter.
17:42:28.886 DEBUG [c.z.h.p.HikariPool]  HikariPool-1 - Pool stats (total=1, active=0, idle=1, waiting=0)
17:42:28.886 DEBUG [c.z.h.p.HikariPool]  HikariPool-1 - Added connection com.mysql.cj.jdbc.ConnectionImpl@1673defc
17:42:28.886 DEBUG [c.z.h.p.HikariPool]  HikariPool-1 - Added connection com.mysql.cj.jdbc.ConnectionImpl@574ed4c7
17:42:28.886 DEBUG [c.z.h.p.HikariPool]  HikariPool-1 - Added connection com.mysql.cj.jdbc.ConnectionImpl@66d3224e
17:42:28.902 DEBUG [c.z.h.p.HikariPool]  HikariPool-1 - Added connection com.mysql.cj.jdbc.ConnectionImpl@37612b88
17:42:28.902 DEBUG [c.z.h.p.HikariPool]  HikariPool-1 - Added connection com.mysql.cj.jdbc.ConnectionImpl@5a38f232
17:42:28.902 DEBUG [c.z.h.p.HikariPool]  HikariPool-1 - Added connection com.mysql.cj.jdbc.ConnectionImpl@332f7058
17:42:28.902 DEBUG [c.z.h.p.HikariPool]  HikariPool-1 - Added connection com.mysql.cj.jdbc.ConnectionImpl@545f4299
17:42:28.902 DEBUG [c.z.h.p.HikariPool]  HikariPool-1 - Added connection com.mysql.cj.jdbc.ConnectionImpl@27df61b2
17:42:28.918 DEBUG [c.z.h.p.HikariPool]  HikariPool-1 - Added connection com.mysql.cj.jdbc.ConnectionImpl@9af83d1
17:42:28.918 DEBUG [c.z.h.p.HikariPool]  HikariPool-1 - After adding stats (total=10, active=0, idle=10, waiting=0)
17:42:31.121 DEBUG [o.c.b.e.cmd]  ENGINE-13005 Starting command -------------------- SchemaOperationsProcessEngineBuild ----------------------
17:42:31.121 DEBUG [o.c.b.e.cmd]  ENGINE-13009 opening new command context
17:42:31.136 DEBUG [o.a.i.t.m.ManagedTransaction]  Opening JDBC Connection
17:42:31.370 DEBUG [o.c.b.e.cmd]  ENGINE-13011 closing existing command context
17:42:31.370 DEBUG [o.a.i.t.m.ManagedTransaction]  Closing JDBC Connection [Transaction-aware proxy for target Connection [HikariProxyConnection@1238013097 wrapping com.mysql.cj.jdbc.ConnectionImpl@7fb66650]]
17:42:31.370 DEBUG [o.c.b.e.cmd]  ENGINE-13006 Finishing command -------------------- SchemaOperationsProcessEngineBuild ----------------------
17:42:31.370 DEBUG [o.c.b.e.cmd]  ENGINE-13005 Starting command -------------------- HistoryLevelSetupCommand ----------------------
17:42:31.370 DEBUG [o.c.b.e.cmd]  ENGINE-13009 opening new command context
17:42:31.386 DEBUG [o.a.i.t.m.ManagedTransaction]  Opening JDBC Connection
17:42:31.386 DEBUG [o.c.b.e.i.p.e.P.selectProperty]  ==>  Preparing: select * from ACT_GE_PROPERTY where NAME_ = ? 
17:42:31.386 DEBUG [o.c.b.e.i.p.e.P.selectProperty]  ==> Parameters: startup.lock(String)
17:42:31.479 DEBUG [o.c.b.e.i.p.e.P.selectProperty]  <==      Total: 1
17:42:31.479 DEBUG [o.c.b.e.i.p.e.P.selectProperty]  ==>  Preparing: select * from ACT_GE_PROPERTY where NAME_ = ? 
17:42:31.479 DEBUG [o.c.b.e.i.p.e.P.selectProperty]  ==> Parameters: historyLevel(String)
17:42:31.479 DEBUG [o.c.b.e.i.p.e.P.selectProperty]  <==      Total: 1
17:42:31.479 DEBUG [o.c.b.e.cmd]  ENGINE-13011 closing existing command context
17:42:31.479 DEBUG [o.c.b.e.persistence]  ENGINE-03006 Cache state after flush: [
  PERSISTENT PropertyEntity[startup.lock]
  PERSISTENT PropertyEntity[historyLevel]
]
17:42:31.479 DEBUG [o.a.i.t.m.ManagedTransaction]  Closing JDBC Connection [Transaction-aware proxy for target Connection [HikariProxyConnection@977278793 wrapping com.mysql.cj.jdbc.ConnectionImpl@7fb66650]]
17:42:31.479 DEBUG [o.c.b.e.cmd]  ENGINE-13006 Finishing command -------------------- HistoryLevelSetupCommand ----------------------
17:42:31.479 DEBUG [o.c.b.e.cmd]  ENGINE-13005 Starting command -------------------- BootstrapEngineCommand ----------------------
17:42:31.479 DEBUG [o.c.b.e.cmd]  ENGINE-13009 opening new command context
17:42:31.479 DEBUG [o.a.i.t.m.ManagedTransaction]  Opening JDBC Connection
17:42:31.479 DEBUG [o.c.b.e.i.p.e.P.selectProperty]  ==>  Preparing: select * from ACT_GE_PROPERTY where NAME_ = ? 
17:42:31.479 DEBUG [o.c.b.e.i.p.e.P.selectProperty]  ==> Parameters: deployment.lock(String)
17:42:31.479 DEBUG [o.c.b.e.i.p.e.P.selectProperty]  <==      Total: 1
17:42:31.479 DEBUG [o.c.b.e.i.p.e.P.selectProperty]  ==>  Preparing: select * from ACT_GE_PROPERTY where NAME_ = ? 
17:42:31.479 DEBUG [o.c.b.e.i.p.e.P.selectProperty]  ==> Parameters: history.cleanup.job.lock(String)
17:42:31.479 DEBUG [o.c.b.e.i.p.e.P.selectProperty]  <==      Total: 1
17:42:31.479 DEBUG [o.c.b.e.cmd]  ENGINE-13005 Starting command -------------------- GetTableMetaDataCmd ----------------------
17:42:31.479 DEBUG [o.c.b.e.cmd]  ENGINE-13010 reusing existing command context
17:42:31.511 DEBUG [o.c.b.e.cmd]  ENGINE-13006 Finishing command -------------------- GetTableMetaDataCmd ----------------------
17:42:31.526 DEBUG [o.c.b.e.cmd]  ENGINE-13005 Starting command -------------------- HistoryCleanupCmd ----------------------
17:42:31.526 DEBUG [o.c.b.e.cmd]  ENGINE-13010 reusing existing command context
17:42:31.526 DEBUG [o.c.b.e.cmd]  ENGINE-13038 History cleanup won't be scheduled. Either configure batch window or call it with immediatelyDue = true.
17:42:31.526 DEBUG [o.c.b.e.i.p.e.J.selectJobsByHandlerType]  ==>  Preparing: select * from ACT_RU_JOB where HANDLER_TYPE_ = ? 
17:42:31.526 DEBUG [o.c.b.e.i.p.e.J.selectJobsByHandlerType]  ==> Parameters: history-cleanup(String)
17:42:31.542 DEBUG [o.c.b.e.i.p.e.J.selectJobsByHandlerType]  <==      Total: 0
17:42:31.542 DEBUG [o.c.b.e.cmd]  ENGINE-13006 Finishing command -------------------- HistoryCleanupCmd ----------------------
17:42:31.542 DEBUG [o.c.b.e.cmd]  ENGINE-13011 closing existing command context
17:42:31.542 DEBUG [o.c.b.e.persistence]  ENGINE-03006 Cache state after flush: [
  PERSISTENT PropertyEntity[deployment.lock]
  PERSISTENT PropertyEntity[history.cleanup.job.lock]
]
17:42:31.542 DEBUG [o.a.i.t.m.ManagedTransaction]  Closing JDBC Connection [Transaction-aware proxy for target Connection [HikariProxyConnection@243440025 wrapping com.mysql.cj.jdbc.ConnectionImpl@7fb66650]]
17:42:31.542 DEBUG [o.c.b.e.cmd]  ENGINE-13006 Finishing command -------------------- BootstrapEngineCommand ----------------------
17:42:31.542 INFO [o.c.b.engine]  ENGINE-00001 Process Engine default created.
17:42:31.574 DEBUG [o.c.b.e.cmd]  ENGINE-13005 Starting command -------------------- DeployCmd ----------------------
17:42:31.574 DEBUG [o.c.b.e.cmd]  ENGINE-13009 opening new command context
17:42:31.574 DEBUG [o.a.i.t.m.ManagedTransaction]  Opening JDBC Connection
17:42:31.574 DEBUG [o.c.b.e.i.p.e.P.lockDeploymentLockProperty]  ==>  Preparing: SELECT VALUE_ FROM ACT_GE_PROPERTY WHERE NAME_ = 'deployment.lock' for update 
17:42:31.574 DEBUG [o.c.b.e.i.p.e.P.lockDeploymentLockProperty]  ==> Parameters: 
17:42:31.574 DEBUG [o.c.b.e.i.p.e.P.lockDeploymentLockProperty]  <==      Total: 1
17:42:31.604 DEBUG [o.c.b.e.i.p.e.R.selectLatestResourcesByDeploymentName]  ==>  Preparing: select B.* from ACT_GE_BYTEARRAY B inner join (select B.NAME_, MAX(D.DEPLOY_TIME_) DEPLOY_TIME_ from ACT_GE_BYTEARRAY B inner join ACT_RE_DEPLOYMENT D on B.DEPLOYMENT_ID_ = D.ID_ where D.NAME_ = ? and (D.SOURCE_ is null or D.SOURCE_ = ? ) and B.NAME_ in ( ? ) group by B.NAME_) LAST_RESOURCE on B.NAME_ = LAST_RESOURCE.NAME_ inner join ACT_RE_DEPLOYMENT D on B.DEPLOYMENT_ID_ = D.ID_ and D.DEPLOY_TIME_ = LAST_RESOURCE.DEPLOY_TIME_ and D.NAME_ = ? and (D.SOURCE_ is null or D.SOURCE_ = ? ) and D.TENANT_ID_ is null 
17:42:31.604 DEBUG [o.c.b.e.i.p.e.R.selectLatestResourcesByDeploymentName]  ==> Parameters: SpringAutoDeployment(String), process application(String), D:\Master projekat\Master-SmartContracts-with-BPMN\RentACar\target\classes\RentACar.bpmn(String), SpringAutoDeployment(String), process application(String)
17:42:31.698 DEBUG [o.c.b.e.i.p.e.R.selectLatestResourcesByDeploymentName]  <==      Total: 1
17:42:31.698 DEBUG [o.c.b.e.cmd]  ENGINE-13002 Using existing deployment
17:42:31.698 DEBUG [o.c.b.e.i.p.e.D.selectDeploymentsByName]  ==>  Preparing: select * from ACT_RE_DEPLOYMENT D where NAME_=? order by D.DEPLOY_TIME_ desc 
17:42:31.698 DEBUG [o.c.b.e.i.p.e.D.selectDeploymentsByName]  ==> Parameters: SpringAutoDeployment(String)
17:42:31.698 DEBUG [o.c.b.e.i.p.e.D.selectDeploymentsByName]  <==      Total: 3
17:42:31.698 DEBUG [o.c.b.e.cmd]  ENGINE-13011 closing existing command context
17:42:31.698 DEBUG [o.c.b.e.persistence]  ENGINE-03006 Cache state after flush: [
  PERSISTENT ResourceEntity[49d8ce40-f21d-11ea-b1af-7670fdb046e0]
  PERSISTENT DeploymentEntity[49d8ce3f-f21d-11ea-b1af-7670fdb046e0]
  PERSISTENT DeploymentEntity[f1b644a0-e708-11ea-9394-7670fdb046e0]
  PERSISTENT DeploymentEntity[61aa5392-e8ad-11ea-afa7-7670fdb046e0]
]
17:42:31.698 DEBUG [o.a.i.t.m.ManagedTransaction]  Closing JDBC Connection [Transaction-aware proxy for target Connection [HikariProxyConnection@712874817 wrapping com.mysql.cj.jdbc.ConnectionImpl@7fb66650]]
17:42:31.698 DEBUG [o.c.b.e.cmd]  ENGINE-13006 Finishing command -------------------- DeployCmd ----------------------
17:42:31.737 DEBUG [o.c.b.e.cmd]  ENGINE-13005 Starting command -------------------- MetricsCollectionTask$1 ----------------------
17:42:31.737 DEBUG [o.c.b.e.cmd]  ENGINE-13009 opening new command context
17:42:31.737 DEBUG [o.c.b.e.cmd]  ENGINE-13011 closing existing command context
17:42:31.738 DEBUG [o.c.b.e.persistence]  ENGINE-03006 Cache state after flush: [
  PERSISTENT MeterLogEntity[921442ef-f50e-11ea-95a2-7670fdb046e0]
  PERSISTENT MeterLogEntity[921442f2-f50e-11ea-95a2-7670fdb046e0]
  PERSISTENT MeterLogEntity[921442f3-f50e-11ea-95a2-7670fdb046e0]
  PERSISTENT MeterLogEntity[921442f0-f50e-11ea-95a2-7670fdb046e0]
  PERSISTENT MeterLogEntity[921442eb-f50e-11ea-95a2-7670fdb046e0]
  PERSISTENT MeterLogEntity[921442f1-f50e-11ea-95a2-7670fdb046e0]
  PERSISTENT MeterLogEntity[921442ec-f50e-11ea-95a2-7670fdb046e0]
  PERSISTENT MeterLogEntity[921442ed-f50e-11ea-95a2-7670fdb046e0]
  PERSISTENT MeterLogEntity[921442f4-f50e-11ea-95a2-7670fdb046e0]
  PERSISTENT MeterLogEntity[921442ee-f50e-11ea-95a2-7670fdb046e0]
]
17:42:31.739 DEBUG [o.c.b.e.persistence]  ENGINE-03008 Flush Summary: [
  INSERT MeterLogEntity[921442eb-f50e-11ea-95a2-7670fdb046e0]
  INSERT MeterLogEntity[921442ec-f50e-11ea-95a2-7670fdb046e0]
  INSERT MeterLogEntity[921442ed-f50e-11ea-95a2-7670fdb046e0]
  INSERT MeterLogEntity[921442ee-f50e-11ea-95a2-7670fdb046e0]
  INSERT MeterLogEntity[921442ef-f50e-11ea-95a2-7670fdb046e0]
  INSERT MeterLogEntity[921442f0-f50e-11ea-95a2-7670fdb046e0]
  INSERT MeterLogEntity[921442f1-f50e-11ea-95a2-7670fdb046e0]
  INSERT MeterLogEntity[921442f2-f50e-11ea-95a2-7670fdb046e0]
  INSERT MeterLogEntity[921442f3-f50e-11ea-95a2-7670fdb046e0]
  INSERT MeterLogEntity[921442f4-f50e-11ea-95a2-7670fdb046e0]
]
17:42:31.739 DEBUG [o.c.b.e.persistence]  ENGINE-03009 SQL operation: 'INSERT'; Entity: 'MeterLogEntity[id=921442eb-f50e-11ea-95a2-7670fdb046e0]'
17:42:31.739 DEBUG [o.a.i.t.m.ManagedTransaction]  Opening JDBC Connection
17:42:31.739 DEBUG [o.c.b.e.i.p.e.M.insertMeterLog]  ==>  Preparing: insert into ACT_RU_METER_LOG (ID_, NAME_, REPORTER_, VALUE_, TIMESTAMP_, MILLISECONDS_) values ( ?, ?, ?, ?, ?, ? ) 
17:42:31.740 DEBUG [o.c.b.e.i.p.e.M.insertMeterLog]  ==> Parameters: 921442eb-f50e-11ea-95a2-7670fdb046e0(String), activity-instance-start(String), 192.168.0.16$default(String), 0(Long), 2020-09-12 17:42:31.736(Timestamp), 1599925351736(Long)
17:42:31.740 DEBUG [o.c.b.e.persistence]  ENGINE-03009 SQL operation: 'INSERT'; Entity: 'MeterLogEntity[id=921442ec-f50e-11ea-95a2-7670fdb046e0]'
17:42:31.741 DEBUG [o.c.b.e.i.p.e.M.insertMeterLog]  ==> Parameters: 921442ec-f50e-11ea-95a2-7670fdb046e0(String), job-acquired-failure(String), 192.168.0.16$default(String), 0(Long), 2020-09-12 17:42:31.736(Timestamp), 1599925351736(Long)
17:42:31.741 DEBUG [o.c.b.e.persistence]  ENGINE-03009 SQL operation: 'INSERT'; Entity: 'MeterLogEntity[id=921442ed-f50e-11ea-95a2-7670fdb046e0]'
17:42:31.741 DEBUG [o.c.b.e.i.p.e.M.insertMeterLog]  ==> Parameters: 921442ed-f50e-11ea-95a2-7670fdb046e0(String), job-locked-exclusive(String), 192.168.0.16$default(String), 0(Long), 2020-09-12 17:42:31.736(Timestamp), 1599925351736(Long)
17:42:31.741 DEBUG [o.c.b.e.persistence]  ENGINE-03009 SQL operation: 'INSERT'; Entity: 'MeterLogEntity[id=921442ee-f50e-11ea-95a2-7670fdb046e0]'
17:42:31.741 DEBUG [o.c.b.e.i.p.e.M.insertMeterLog]  ==> Parameters: 921442ee-f50e-11ea-95a2-7670fdb046e0(String), job-execution-rejected(String), 192.168.0.16$default(String), 0(Long), 2020-09-12 17:42:31.736(Timestamp), 1599925351736(Long)
17:42:31.741 DEBUG [o.c.b.e.persistence]  ENGINE-03009 SQL operation: 'INSERT'; Entity: 'MeterLogEntity[id=921442ef-f50e-11ea-95a2-7670fdb046e0]'
17:42:31.742 DEBUG [o.c.b.e.i.p.e.M.insertMeterLog]  ==> Parameters: 921442ef-f50e-11ea-95a2-7670fdb046e0(String), executed-decision-elements(String), 192.168.0.16$default(String), 0(Long), 2020-09-12 17:42:31.736(Timestamp), 1599925351736(Long)
17:42:31.742 DEBUG [o.c.b.e.persistence]  ENGINE-03009 SQL operation: 'INSERT'; Entity: 'MeterLogEntity[id=921442f0-f50e-11ea-95a2-7670fdb046e0]'
17:42:31.742 DEBUG [o.c.b.e.i.p.e.M.insertMeterLog]  ==> Parameters: 921442f0-f50e-11ea-95a2-7670fdb046e0(String), activity-instance-end(String), 192.168.0.16$default(String), 0(Long), 2020-09-12 17:42:31.736(Timestamp), 1599925351736(Long)
17:42:31.742 DEBUG [o.c.b.e.persistence]  ENGINE-03009 SQL operation: 'INSERT'; Entity: 'MeterLogEntity[id=921442f1-f50e-11ea-95a2-7670fdb046e0]'
17:42:31.742 DEBUG [o.c.b.e.i.p.e.M.insertMeterLog]  ==> Parameters: 921442f1-f50e-11ea-95a2-7670fdb046e0(String), job-successful(String), 192.168.0.16$default(String), 0(Long), 2020-09-12 17:42:31.736(Timestamp), 1599925351736(Long)
17:42:31.742 DEBUG [o.c.b.e.persistence]  ENGINE-03009 SQL operation: 'INSERT'; Entity: 'MeterLogEntity[id=921442f2-f50e-11ea-95a2-7670fdb046e0]'
17:42:31.742 DEBUG [o.c.b.e.i.p.e.M.insertMeterLog]  ==> Parameters: 921442f2-f50e-11ea-95a2-7670fdb046e0(String), job-acquired-success(String), 192.168.0.16$default(String), 0(Long), 2020-09-12 17:42:31.736(Timestamp), 1599925351736(Long)
17:42:31.742 DEBUG [o.c.b.e.persistence]  ENGINE-03009 SQL operation: 'INSERT'; Entity: 'MeterLogEntity[id=921442f3-f50e-11ea-95a2-7670fdb046e0]'
17:42:31.743 DEBUG [o.c.b.e.i.p.e.M.insertMeterLog]  ==> Parameters: 921442f3-f50e-11ea-95a2-7670fdb046e0(String), job-acquisition-attempt(String), 192.168.0.16$default(String), 0(Long), 2020-09-12 17:42:31.736(Timestamp), 1599925351736(Long)
17:42:31.743 DEBUG [o.c.b.e.persistence]  ENGINE-03009 SQL operation: 'INSERT'; Entity: 'MeterLogEntity[id=921442f4-f50e-11ea-95a2-7670fdb046e0]'
17:42:31.743 DEBUG [o.c.b.e.i.p.e.M.insertMeterLog]  ==> Parameters: 921442f4-f50e-11ea-95a2-7670fdb046e0(String), job-failed(String), 192.168.0.16$default(String), 0(Long), 2020-09-12 17:42:31.736(Timestamp), 1599925351736(Long)
17:42:31.839 DEBUG [o.c.b.e.persistence]  ENGINE-03082 Batch summary:
Result 0:	insert into ACT_RU_METER_LOG (ID_, NAME_, REPORTER_, VALUE_, TIMESTAMP_, MILLISECONDS_) values ( ?, ?, ?, ?, ?, ? )	Update counts: [1, 1, 1, 1, 1, 1, 1, 1, 1, 1]

17:42:31.839 DEBUG [o.a.i.t.m.ManagedTransaction]  Closing JDBC Connection [Transaction-aware proxy for target Connection [HikariProxyConnection@1626478944 wrapping com.mysql.cj.jdbc.ConnectionImpl@7fb66650]]
17:42:31.964 DEBUG [o.c.b.e.cmd]  ENGINE-13006 Finishing command -------------------- MetricsCollectionTask$1 ----------------------
17:42:31.980 DEBUG [o.c.b.e.cmd]  ENGINE-13005 Starting command -------------------- SchemaOperationProcessEngineClose ----------------------
17:42:31.980 DEBUG [o.c.b.e.cmd]  ENGINE-13009 opening new command context
17:42:31.980 DEBUG [o.c.b.e.cmd]  ENGINE-13011 closing existing command context
17:42:31.980 DEBUG [o.c.b.e.cmd]  ENGINE-13006 Finishing command -------------------- SchemaOperationProcessEngineClose ----------------------
17:42:31.980 INFO [o.c.b.engine]  ENGINE-00007 Process Engine default closed
17:42:31.980 INFO [c.z.h.HikariDataSource]  HikariPool-1 - Shutdown initiated...
17:42:31.980 DEBUG [c.z.h.p.HikariPool]  HikariPool-1 - Before shutdown stats (total=10, active=0, idle=10, waiting=0)
17:42:31.980 DEBUG [c.z.h.p.PoolBase]  HikariPool-1 - Closing connection com.mysql.cj.jdbc.ConnectionImpl@7fb66650: (connection evicted)
17:42:31.980 DEBUG [c.z.h.p.PoolBase]  HikariPool-1 - Closing connection com.mysql.cj.jdbc.ConnectionImpl@1673defc: (connection evicted)
17:42:31.980 DEBUG [c.z.h.p.PoolBase]  HikariPool-1 - Closing connection com.mysql.cj.jdbc.ConnectionImpl@574ed4c7: (connection evicted)
17:42:31.980 DEBUG [c.z.h.p.PoolBase]  HikariPool-1 - Closing connection com.mysql.cj.jdbc.ConnectionImpl@66d3224e: (connection evicted)
17:42:31.980 DEBUG [c.z.h.p.PoolBase]  HikariPool-1 - Closing connection com.mysql.cj.jdbc.ConnectionImpl@37612b88: (connection evicted)
17:42:31.980 DEBUG [c.z.h.p.PoolBase]  HikariPool-1 - Closing connection com.mysql.cj.jdbc.ConnectionImpl@5a38f232: (connection evicted)
17:42:31.980 DEBUG [c.z.h.p.PoolBase]  HikariPool-1 - Closing connection com.mysql.cj.jdbc.ConnectionImpl@332f7058: (connection evicted)
17:42:31.980 DEBUG [c.z.h.p.PoolBase]  HikariPool-1 - Closing connection com.mysql.cj.jdbc.ConnectionImpl@545f4299: (connection evicted)
17:42:31.980 DEBUG [c.z.h.p.PoolBase]  HikariPool-1 - Closing connection com.mysql.cj.jdbc.ConnectionImpl@27df61b2: (connection evicted)
17:42:31.980 DEBUG [c.z.h.p.PoolBase]  HikariPool-1 - Closing connection com.mysql.cj.jdbc.ConnectionImpl@9af83d1: (connection evicted)
17:42:31.980 DEBUG [c.z.h.p.HikariPool]  HikariPool-1 - After shutdown stats (total=0, active=0, idle=0, waiting=0)
17:42:31.980 INFO [c.z.h.HikariDataSource]  HikariPool-1 - Shutdown completed.
17:42:32.011 INFO [o.a.c.c.StandardService]  Stopping service [Tomcat]
17:42:32.011 ERROR [o.a.c.c.C.[.[.[/]]  Failed to destroy the filter named [Engines Filter] of type [org.camunda.bpm.spring.boot.starter.webapp.filter.LazyProcessEnginesFilter]
java.lang.NullPointerException: null
	at org.camunda.bpm.spring.boot.starter.webapp.filter.LazyDelegateFilter.destroy(LazyDelegateFilter.java:49)
	at org.apache.catalina.core.ApplicationFilterConfig.release(ApplicationFilterConfig.java:318)
	at org.apache.catalina.core.StandardContext.filterStop(StandardContext.java:4670)
	at org.apache.catalina.core.StandardContext.stopInternal(StandardContext.java:5470)
	at org.apache.catalina.util.LifecycleBase.stop(LifecycleBase.java:226)
	at org.apache.catalina.core.ContainerBase$StopChild.call(ContainerBase.java:1437)
	at org.apache.catalina.core.ContainerBase$StopChild.call(ContainerBase.java:1426)
	at java.util.concurrent.FutureTask.run(Unknown Source)
	at java.util.concurrent.ThreadPoolExecutor.runWorker(Unknown Source)
	at java.util.concurrent.ThreadPoolExecutor$Worker.run(Unknown Source)
	at java.lang.Thread.run(Unknown Source)
17:42:32.011 ERROR [o.a.c.c.C.[.[.[/]]  Failed to destroy the filter named [Security Filter] of type [org.camunda.bpm.spring.boot.starter.webapp.filter.LazySecurityFilter]
java.lang.NullPointerException: null
	at org.camunda.bpm.spring.boot.starter.webapp.filter.LazyDelegateFilter.destroy(LazyDelegateFilter.java:49)
	at org.apache.catalina.core.ApplicationFilterConfig.release(ApplicationFilterConfig.java:318)
	at org.apache.catalina.core.StandardContext.filterStop(StandardContext.java:4670)
	at org.apache.catalina.core.StandardContext.stopInternal(StandardContext.java:5470)
	at org.apache.catalina.util.LifecycleBase.stop(LifecycleBase.java:226)
	at org.apache.catalina.core.ContainerBase$StopChild.call(ContainerBase.java:1437)
	at org.apache.catalina.core.ContainerBase$StopChild.call(ContainerBase.java:1426)
	at java.util.concurrent.FutureTask.run(Unknown Source)
	at java.util.concurrent.ThreadPoolExecutor.runWorker(Unknown Source)
	at java.util.concurrent.ThreadPoolExecutor$Worker.run(Unknown Source)
	at java.lang.Thread.run(Unknown Source)
17:42:32.026 ERROR [o.s.b.SpringApplication]  Application run failed
org.springframework.beans.factory.BeanCreationException: Error creating bean with name 'ethereumController' defined in file [D:\Master projekat\Master-SmartContracts-with-BPMN\RentACar\target\classes\com\Service\controllers\EthereumController.class]: Instantiation of bean failed; nested exception is org.springframework.beans.BeanInstantiationException: Failed to instantiate [com.Service.controllers.EthereumController]: Constructor threw exception; nested exception is java.lang.Error: Unresolved compilation problem: 
	Syntax error, insert "}" to complete ClassBody

	at org.springframework.beans.factory.support.AbstractAutowireCapableBeanFactory.instantiateBean(AbstractAutowireCapableBeanFactory.java:1236)
	at org.springframework.beans.factory.support.AbstractAutowireCapableBeanFactory.createBeanInstance(AbstractAutowireCapableBeanFactory.java:1135)
	at org.springframework.beans.factory.support.AbstractAutowireCapableBeanFactory.doCreateBean(AbstractAutowireCapableBeanFactory.java:541)
	at org.springframework.beans.factory.support.AbstractAutowireCapableBeanFactory.createBean(AbstractAutowireCapableBeanFactory.java:501)
	at org.springframework.beans.factory.support.AbstractBeanFactory.lambda$doGetBean$0(AbstractBeanFactory.java:317)
	at org.springframework.beans.factory.support.DefaultSingletonBeanRegistry.getSingleton(DefaultSingletonBeanRegistry.java:228)
	at org.springframework.beans.factory.support.AbstractBeanFactory.doGetBean(AbstractBeanFactory.java:315)
	at org.springframework.beans.factory.support.AbstractBeanFactory.getBean(AbstractBeanFactory.java:199)
	at org.springframework.beans.factory.support.DefaultListableBeanFactory.preInstantiateSingletons(DefaultListableBeanFactory.java:760)
	at org.springframework.context.support.AbstractApplicationContext.finishBeanFactoryInitialization(AbstractApplicationContext.java:869)
	at org.springframework.context.support.AbstractApplicationContext.refresh(AbstractApplicationContext.java:550)
	at org.springframework.boot.web.servlet.context.ServletWebServerApplicationContext.refresh(ServletWebServerApplicationContext.java:140)
	at org.springframework.boot.SpringApplication.refresh(SpringApplication.java:759)
	at org.springframework.boot.SpringApplication.refreshContext(SpringApplication.java:395)
	at org.springframework.boot.SpringApplication.run(SpringApplication.java:327)
	at org.springframework.boot.SpringApplication.run(SpringApplication.java:1255)
	at org.springframework.boot.SpringApplication.run(SpringApplication.java:1243)
	at com.Service.RentACar.RentACarApplication.main(RentACarApplication.java:23)
Caused by: org.springframework.beans.BeanInstantiationException: Failed to instantiate [com.Service.controllers.EthereumController]: Constructor threw exception; nested exception is java.lang.Error: Unresolved compilation problem: 
	Syntax error, insert "}" to complete ClassBody

	at org.springframework.beans.BeanUtils.instantiateClass(BeanUtils.java:182)
	at org.springframework.beans.factory.support.SimpleInstantiationStrategy.instantiate(SimpleInstantiationStrategy.java:87)
	at org.springframework.beans.factory.support.AbstractAutowireCapableBeanFactory.instantiateBean(AbstractAutowireCapableBeanFactory.java:1228)
	... 17 common frames omitted
Caused by: java.lang.Error: Unresolved compilation problem: 
	Syntax error, insert "}" to complete ClassBody

	at com.Service.controllers.EthereumController.<init>(EthereumController.java:135)
	at sun.reflect.NativeConstructorAccessorImpl.newInstance0(Native Method)
	at sun.reflect.NativeConstructorAccessorImpl.newInstance(Unknown Source)
	at sun.reflect.DelegatingConstructorAccessorImpl.newInstance(Unknown Source)
	at java.lang.reflect.Constructor.newInstance(Unknown Source)
	at org.springframework.beans.BeanUtils.instantiateClass(BeanUtils.java:170)
	... 19 common frames omitted
17:43:29.411 INFO [c.S.R.RentACarApplication]  Starting RentACarApplication on DESKTOP-72PVD2H with PID 4368 (started by Zorka in D:\Master projekat\Master-SmartContracts-with-BPMN\RentACar)
17:43:29.411 DEBUG [c.S.R.RentACarApplication]  Running with Spring Boot v2.0.2.RELEASE, Spring v5.0.6.RELEASE
17:43:29.411 INFO [c.S.R.RentACarApplication]  No active profile set, falling back to default profiles: default
17:43:30.774 INFO [o.a.c.h.Http11NioProtocol]  Initializing ProtocolHandler ["http-nio-8090"]
17:43:30.791 INFO [o.a.c.c.StandardService]  Starting service [Tomcat]
17:43:30.791 INFO [o.a.c.c.StandardEngine]  Starting Servlet Engine: Apache Tomcat/8.5.31
17:43:30.807 INFO [o.a.c.c.AprLifecycleListener]  The APR based Apache Tomcat Native library which allows optimal performance in production environments was not found on the java.library.path: [C:\Program Files\Java\jre1.8.0_211\bin;C:\WINDOWS\Sun\Java\bin;C:\WINDOWS\system32;C:\WINDOWS;C:/Program Files/Java/jre1.8.0_211/bin/server;C:/Program Files/Java/jre1.8.0_211/bin;C:/Program Files/Java/jre1.8.0_211/lib/amd64;C:\Program Files (x86)\Common Files\Oracle\Java\javapath;C:\Program Files\Python37\Scripts\;C:\Program Files\Python37\;C:\WINDOWS\system32;C:\WINDOWS;C:\WINDOWS\System32\Wbem;C:\WINDOWS\System32\WindowsPowerShell\v1.0\;C:\Program Files\Microsoft VS Code\bin;C:\Program Files\dotnet\;C:\Program Files\Microsoft SQL Server\130\Tools\Binn\;C:\Program Files (x86)\Microsoft SQL Server\Client SDK\ODBC\130\Tools\Binn\;C:\Program Files (x86)\Microsoft SQL Server\140\Tools\Binn\;C:\Program Files (x86)\Microsoft SQL Server\140\DTS\Binn\;C:\Program Files (x86)\Microsoft SQL Server\140\Tools\Binn\ManagementStudio\;C:\WINDOWS\System32\OpenSSH\;C:\Program Files\Intel\WiFi\bin\;C:\Program Files\Common Files\Intel\WirelessCommon\;D:\Downloads\;D:\Git\cmd;C:\Program Files\Microsoft SQL Server\Client SDK\ODBC\110\Tools\Binn\;C:\Program Files (x86)\Microsoft SQL Server\120\Tools\Binn\;C:\Program Files\Microsoft SQL Server\120\Tools\Binn\;C:\Program Files\Microsoft SQL Server\120\DTS\Binn\;C:\Program Files\Git\cmd;C:\Program Files (x86)\Microsoft SQL Server\150\DTS\Binn\;C:\Program Files\Java\jdk1.8.0_211\bin;C:\Program Files\Java\jre1.8.0_211\bin;%JAVA_HOME%\bin;C:\Users\Zorka\AppData\Roaming\npm;D:\Downloads\apache-maven-3.6.1\bin;C:\Program Files\MySQL\MySQL Shell 8.0\bin\;C:\Users\Zorka\AppData\Roaming\npm;C:\Users\Zorka\.dotnet\tools;C:\Users\Zorka\.dotnet\tools;C:\Users\Zorka\eclipse\jee-photon\eclipse;;.]
17:43:30.963 INFO [o.a.c.c.C.[.[.[/]]  Initializing Spring embedded WebApplicationContext
17:43:31.166 DEBUG [o.c.b.s.b.s.w.CamundaBpmWebappInitializer]  Filter Authentication Filter for URL [/*] registered.
17:43:31.166 DEBUG [o.c.b.s.b.s.w.CamundaBpmWebappInitializer]  Filter Security Filter for URL [/*] registered.
17:43:31.166 DEBUG [o.c.b.s.b.s.w.CamundaBpmWebappInitializer]  Filter Engines Filter for URL [/app/*] registered.
17:43:31.166 DEBUG [o.c.b.s.b.s.w.CamundaBpmWebappInitializer]  Filter CacheControlFilter for URL [/api/*] registered.
17:43:31.166 DEBUG [o.c.b.s.b.s.w.CamundaBpmWebappInitializer]  Servlet Cockpit Api for URL [/api/cockpit/*] registered.
17:43:31.166 DEBUG [o.c.b.s.b.s.w.CamundaBpmWebappInitializer]  Servlet Admin Api for URL [/api/admin/*] registered.
17:43:31.166 DEBUG [o.c.b.s.b.s.w.CamundaBpmWebappInitializer]  Servlet Tasklist Api for URL [/api/tasklist/*] registered.
17:43:31.166 DEBUG [o.c.b.s.b.s.w.CamundaBpmWebappInitializer]  Servlet Engine Api for URL [/api/engine/*] registered.
17:43:31.197 DEBUG [o.c.b.s.b.s.w.f.LazyInitRegistration]  skipping lazy init for org.camunda.bpm.spring.boot.starter.webapp.filter.LazyProcessEnginesFilter@108714cd because application context not initialized yet
17:43:31.197 DEBUG [o.c.b.s.b.s.w.f.LazyInitRegistration]  skipping lazy init for org.camunda.bpm.spring.boot.starter.webapp.filter.LazySecurityFilter@ae7336c because application context not initialized yet
17:43:31.367 DEBUG [c.z.h.HikariConfig]  Driver class com.mysql.jdbc.Driver found in Thread context class loader sun.misc.Launcher$AppClassLoader@2a139a55
17:43:31.550 INFO [o.c.b.s.boot]  STARTER-SB040 Setting up jobExecutor with corePoolSize=3, maxPoolSize:10
17:43:31.675 INFO [o.c.b.e.cfg]  ENGINE-12003 Plugin 'CompositeProcessEnginePlugin[genericPropertiesConfiguration, camundaProcessEngineConfiguration, camundaDatasourceConfiguration, camundaJobConfiguration, camundaHistoryConfiguration, camundaMetricsConfiguration, camundaAuthorizationConfiguration, camundaDeploymentConfiguration, failedJobConfiguration]' activated on process engine 'default'
17:43:31.675 DEBUG [o.c.b.s.b.s.c.i.DefaultDeploymentConfiguration]  resolving deployment resources for pattern classpath*:**/*.cmmn
17:43:33.337 DEBUG [o.c.b.s.b.s.c.i.DefaultDeploymentConfiguration]  processing deployment resource file [D:\Master projekat\Master-SmartContracts-with-BPMN\RentACar\target\classes\RentACar.bpmn]
17:43:33.353 DEBUG [o.c.b.s.b.s.c.i.DefaultDeploymentConfiguration]  added deployment resource file [D:\Master projekat\Master-SmartContracts-with-BPMN\RentACar\target\classes\RentACar.bpmn]
17:43:33.353 DEBUG [o.c.b.s.b.s.c.i.DefaultDeploymentConfiguration]  processing deployment resource URL [jar:file:/C:/Users/Zorka/.m2/repository/org/camunda/bpm/dmn/camunda-engine-dmn/7.9.0/camunda-engine-dmn-7.9.0.jar!/META-INF/maven/org.camunda.bpm.dmn/]
17:43:33.353 DEBUG [o.c.b.s.b.s.c.i.DefaultDeploymentConfiguration]  processing deployment resource URL [jar:file:/C:/Users/Zorka/.m2/repository/org/camunda/bpm/dmn/camunda-engine-feel-api/7.9.0/camunda-engine-feel-api-7.9.0.jar!/META-INF/maven/org.camunda.bpm.dmn/]
17:43:33.353 DEBUG [o.c.b.s.b.s.c.i.DefaultDeploymentConfiguration]  processing deployment resource URL [jar:file:/C:/Users/Zorka/.m2/repository/org/camunda/bpm/dmn/camunda-engine-feel-juel/7.9.0/camunda-engine-feel-juel-7.9.0.jar!/META-INF/maven/org.camunda.bpm.dmn/]
17:43:33.353 INFO [o.c.b.s.boot]  STARTER-SB021 Auto-Deploying resources: [file [D:\Master projekat\Master-SmartContracts-with-BPMN\RentACar\target\classes\RentACar.bpmn]]
17:43:33.464 DEBUG [c.z.h.HikariConfig]  HikariPool-1 - configuration:
17:43:33.464 DEBUG [c.z.h.HikariConfig]  allowPoolSuspension.............false
17:43:33.464 DEBUG [c.z.h.HikariConfig]  autoCommit......................true
17:43:33.464 DEBUG [c.z.h.HikariConfig]  catalog.........................none
17:43:33.464 DEBUG [c.z.h.HikariConfig]  connectionInitSql...............none
17:43:33.464 DEBUG [c.z.h.HikariConfig]  connectionTestQuery.............none
17:43:33.464 DEBUG [c.z.h.HikariConfig]  connectionTimeout...............30000
17:43:33.464 DEBUG [c.z.h.HikariConfig]  dataSource......................none
17:43:33.464 DEBUG [c.z.h.HikariConfig]  dataSourceClassName.............none
17:43:33.464 DEBUG [c.z.h.HikariConfig]  dataSourceJNDI..................none
17:43:33.464 DEBUG [c.z.h.HikariConfig]  dataSourceProperties............{password=<masked>}
17:43:33.464 DEBUG [c.z.h.HikariConfig]  driverClassName................."com.mysql.jdbc.Driver"
17:43:33.464 DEBUG [c.z.h.HikariConfig]  healthCheckProperties...........{}
17:43:33.464 DEBUG [c.z.h.HikariConfig]  healthCheckRegistry.............none
17:43:33.464 DEBUG [c.z.h.HikariConfig]  idleTimeout.....................600000
17:43:33.464 DEBUG [c.z.h.HikariConfig]  initializationFailFast..........true
17:43:33.464 DEBUG [c.z.h.HikariConfig]  initializationFailTimeout.......1
17:43:33.464 DEBUG [c.z.h.HikariConfig]  isolateInternalQueries..........false
17:43:33.464 DEBUG [c.z.h.HikariConfig]  jdbc4ConnectionTest.............false
17:43:33.464 DEBUG [c.z.h.HikariConfig]  jdbcUrl.........................jdbc:mysql://localhost:3306/master-rent_a_car?useSSL=false&allowPublicKeyRetrieval=true&useUnicode=yes&characterEncoding=utf8
17:43:33.464 DEBUG [c.z.h.HikariConfig]  leakDetectionThreshold..........0
17:43:33.464 DEBUG [c.z.h.HikariConfig]  maxLifetime.....................1800000
17:43:33.464 DEBUG [c.z.h.HikariConfig]  maximumPoolSize.................10
17:43:33.464 DEBUG [c.z.h.HikariConfig]  metricRegistry..................none
17:43:33.464 DEBUG [c.z.h.HikariConfig]  metricsTrackerFactory...........none
17:43:33.464 DEBUG [c.z.h.HikariConfig]  minimumIdle.....................10
17:43:33.464 DEBUG [c.z.h.HikariConfig]  password........................<masked>
17:43:33.464 DEBUG [c.z.h.HikariConfig]  poolName........................"HikariPool-1"
17:43:33.464 DEBUG [c.z.h.HikariConfig]  readOnly........................false
17:43:33.464 DEBUG [c.z.h.HikariConfig]  registerMbeans..................false
17:43:33.464 DEBUG [c.z.h.HikariConfig]  scheduledExecutor...............none
17:43:33.464 DEBUG [c.z.h.HikariConfig]  scheduledExecutorService........internal
17:43:33.464 DEBUG [c.z.h.HikariConfig]  schema..........................none
17:43:33.464 DEBUG [c.z.h.HikariConfig]  threadFactory...................internal
17:43:33.464 DEBUG [c.z.h.HikariConfig]  transactionIsolation............default
17:43:33.464 DEBUG [c.z.h.HikariConfig]  username........................"root"
17:43:33.464 DEBUG [c.z.h.HikariConfig]  validationTimeout...............5000
17:43:33.464 INFO [c.z.h.HikariDataSource]  HikariPool-1 - Starting...
17:43:33.464 WARN [c.z.h.u.DriverDataSource]  Registered driver with driverClassName=com.mysql.jdbc.Driver was not found, trying direct instantiation.
17:43:33.464 DEBUG [c.z.h.u.DriverDataSource]  Driver class com.mysql.jdbc.Driver found in Thread context class loader sun.misc.Launcher$AppClassLoader@2a139a55
17:43:33.573 DEBUG [c.z.h.p.HikariPool]  HikariPool-1 - Added connection com.mysql.cj.jdbc.ConnectionImpl@2643d762
17:43:33.573 INFO [c.z.h.HikariDataSource]  HikariPool-1 - Start completed.
17:43:33.588 DEBUG [o.c.b.e.cfg]  ENGINE-12004 Database product name MySQL
17:43:33.588 DEBUG [o.c.b.e.cfg]  ENGINE-12005 Database type mysql
17:43:33.620 DEBUG [o.a.i.l.LogFactory]  Logging initialized using 'class org.apache.ibatis.logging.slf4j.Slf4jImpl' adapter.
17:43:33.698 DEBUG [c.z.h.p.HikariPool]  HikariPool-1 - Pool stats (total=1, active=0, idle=1, waiting=0)
17:43:33.698 DEBUG [c.z.h.p.HikariPool]  HikariPool-1 - Added connection com.mysql.cj.jdbc.ConnectionImpl@1281714f
17:43:33.698 DEBUG [c.z.h.p.HikariPool]  HikariPool-1 - Added connection com.mysql.cj.jdbc.ConnectionImpl@53bc7b74
17:43:33.698 DEBUG [c.z.h.p.HikariPool]  HikariPool-1 - Added connection com.mysql.cj.jdbc.ConnectionImpl@62a5eba0
17:43:33.716 DEBUG [c.z.h.p.HikariPool]  HikariPool-1 - Added connection com.mysql.cj.jdbc.ConnectionImpl@3393843b
17:43:33.720 DEBUG [c.z.h.p.HikariPool]  HikariPool-1 - Added connection com.mysql.cj.jdbc.ConnectionImpl@3ae1ea1e
17:43:33.724 DEBUG [c.z.h.p.HikariPool]  HikariPool-1 - Added connection com.mysql.cj.jdbc.ConnectionImpl@37dd5b09
17:43:33.728 DEBUG [c.z.h.p.HikariPool]  HikariPool-1 - Added connection com.mysql.cj.jdbc.ConnectionImpl@4f0ef396
17:43:33.732 DEBUG [c.z.h.p.HikariPool]  HikariPool-1 - Added connection com.mysql.cj.jdbc.ConnectionImpl@54aaffce
17:43:33.736 DEBUG [c.z.h.p.HikariPool]  HikariPool-1 - Added connection com.mysql.cj.jdbc.ConnectionImpl@3ad77937
17:43:33.736 DEBUG [c.z.h.p.HikariPool]  HikariPool-1 - After adding stats (total=10, active=0, idle=10, waiting=0)
17:43:35.758 DEBUG [o.c.b.e.cmd]  ENGINE-13005 Starting command -------------------- SchemaOperationsProcessEngineBuild ----------------------
17:43:35.773 DEBUG [o.c.b.e.cmd]  ENGINE-13009 opening new command context
17:43:35.773 DEBUG [o.a.i.t.m.ManagedTransaction]  Opening JDBC Connection
17:43:35.852 DEBUG [o.c.b.e.cmd]  ENGINE-13011 closing existing command context
17:43:35.852 DEBUG [o.a.i.t.m.ManagedTransaction]  Closing JDBC Connection [Transaction-aware proxy for target Connection [HikariProxyConnection@1168849885 wrapping com.mysql.cj.jdbc.ConnectionImpl@2643d762]]
17:43:35.852 DEBUG [o.c.b.e.cmd]  ENGINE-13006 Finishing command -------------------- SchemaOperationsProcessEngineBuild ----------------------
17:43:35.867 DEBUG [o.c.b.e.cmd]  ENGINE-13005 Starting command -------------------- HistoryLevelSetupCommand ----------------------
17:43:35.867 DEBUG [o.c.b.e.cmd]  ENGINE-13009 opening new command context
17:43:35.867 DEBUG [o.a.i.t.m.ManagedTransaction]  Opening JDBC Connection
17:43:35.867 DEBUG [o.c.b.e.i.p.e.P.selectProperty]  ==>  Preparing: select * from ACT_GE_PROPERTY where NAME_ = ? 
17:43:35.883 DEBUG [o.c.b.e.i.p.e.P.selectProperty]  ==> Parameters: startup.lock(String)
17:43:35.883 DEBUG [o.c.b.e.i.p.e.P.selectProperty]  <==      Total: 1
17:43:35.898 DEBUG [o.c.b.e.i.p.e.P.selectProperty]  ==>  Preparing: select * from ACT_GE_PROPERTY where NAME_ = ? 
17:43:35.898 DEBUG [o.c.b.e.i.p.e.P.selectProperty]  ==> Parameters: historyLevel(String)
17:43:35.898 DEBUG [o.c.b.e.i.p.e.P.selectProperty]  <==      Total: 1
17:43:35.898 DEBUG [o.c.b.e.cmd]  ENGINE-13011 closing existing command context
17:43:35.898 DEBUG [o.c.b.e.persistence]  ENGINE-03006 Cache state after flush: [
  PERSISTENT PropertyEntity[startup.lock]
  PERSISTENT PropertyEntity[historyLevel]
]
17:43:35.898 DEBUG [o.a.i.t.m.ManagedTransaction]  Closing JDBC Connection [Transaction-aware proxy for target Connection [HikariProxyConnection@1625321341 wrapping com.mysql.cj.jdbc.ConnectionImpl@2643d762]]
17:43:35.898 DEBUG [o.c.b.e.cmd]  ENGINE-13006 Finishing command -------------------- HistoryLevelSetupCommand ----------------------
17:43:35.898 DEBUG [o.c.b.e.cmd]  ENGINE-13005 Starting command -------------------- BootstrapEngineCommand ----------------------
17:43:35.898 DEBUG [o.c.b.e.cmd]  ENGINE-13009 opening new command context
17:43:35.898 DEBUG [o.a.i.t.m.ManagedTransaction]  Opening JDBC Connection
17:43:35.898 DEBUG [o.c.b.e.i.p.e.P.selectProperty]  ==>  Preparing: select * from ACT_GE_PROPERTY where NAME_ = ? 
17:43:35.898 DEBUG [o.c.b.e.i.p.e.P.selectProperty]  ==> Parameters: deployment.lock(String)
17:43:35.898 DEBUG [o.c.b.e.i.p.e.P.selectProperty]  <==      Total: 1
17:43:35.898 DEBUG [o.c.b.e.i.p.e.P.selectProperty]  ==>  Preparing: select * from ACT_GE_PROPERTY where NAME_ = ? 
17:43:35.898 DEBUG [o.c.b.e.i.p.e.P.selectProperty]  ==> Parameters: history.cleanup.job.lock(String)
17:43:35.898 DEBUG [o.c.b.e.i.p.e.P.selectProperty]  <==      Total: 1
17:43:35.898 DEBUG [o.c.b.e.cmd]  ENGINE-13005 Starting command -------------------- GetTableMetaDataCmd ----------------------
17:43:35.898 DEBUG [o.c.b.e.cmd]  ENGINE-13010 reusing existing command context
17:43:35.898 DEBUG [o.c.b.e.cmd]  ENGINE-13006 Finishing command -------------------- GetTableMetaDataCmd ----------------------
17:43:35.914 DEBUG [o.c.b.e.cmd]  ENGINE-13005 Starting command -------------------- HistoryCleanupCmd ----------------------
17:43:35.914 DEBUG [o.c.b.e.cmd]  ENGINE-13010 reusing existing command context
17:43:35.914 DEBUG [o.c.b.e.cmd]  ENGINE-13038 History cleanup won't be scheduled. Either configure batch window or call it with immediatelyDue = true.
17:43:35.914 DEBUG [o.c.b.e.i.p.e.J.selectJobsByHandlerType]  ==>  Preparing: select * from ACT_RU_JOB where HANDLER_TYPE_ = ? 
17:43:35.914 DEBUG [o.c.b.e.i.p.e.J.selectJobsByHandlerType]  ==> Parameters: history-cleanup(String)
17:43:35.914 DEBUG [o.c.b.e.i.p.e.J.selectJobsByHandlerType]  <==      Total: 0
17:43:35.914 DEBUG [o.c.b.e.cmd]  ENGINE-13006 Finishing command -------------------- HistoryCleanupCmd ----------------------
17:43:35.914 DEBUG [o.c.b.e.cmd]  ENGINE-13011 closing existing command context
17:43:35.914 DEBUG [o.c.b.e.persistence]  ENGINE-03006 Cache state after flush: [
  PERSISTENT PropertyEntity[deployment.lock]
  PERSISTENT PropertyEntity[history.cleanup.job.lock]
]
17:43:35.914 DEBUG [o.a.i.t.m.ManagedTransaction]  Closing JDBC Connection [Transaction-aware proxy for target Connection [HikariProxyConnection@873002645 wrapping com.mysql.cj.jdbc.ConnectionImpl@2643d762]]
17:43:35.914 DEBUG [o.c.b.e.cmd]  ENGINE-13006 Finishing command -------------------- BootstrapEngineCommand ----------------------
17:43:35.914 INFO [o.c.b.engine]  ENGINE-00001 Process Engine default created.
17:43:35.936 DEBUG [o.c.b.e.cmd]  ENGINE-13005 Starting command -------------------- DeployCmd ----------------------
17:43:35.936 DEBUG [o.c.b.e.cmd]  ENGINE-13009 opening new command context
17:43:35.936 DEBUG [o.a.i.t.m.ManagedTransaction]  Opening JDBC Connection
17:43:35.936 DEBUG [o.c.b.e.i.p.e.P.lockDeploymentLockProperty]  ==>  Preparing: SELECT VALUE_ FROM ACT_GE_PROPERTY WHERE NAME_ = 'deployment.lock' for update 
17:43:35.936 DEBUG [o.c.b.e.i.p.e.P.lockDeploymentLockProperty]  ==> Parameters: 
17:43:35.936 DEBUG [o.c.b.e.i.p.e.P.lockDeploymentLockProperty]  <==      Total: 1
17:43:35.968 DEBUG [o.c.b.e.i.p.e.R.selectLatestResourcesByDeploymentName]  ==>  Preparing: select B.* from ACT_GE_BYTEARRAY B inner join (select B.NAME_, MAX(D.DEPLOY_TIME_) DEPLOY_TIME_ from ACT_GE_BYTEARRAY B inner join ACT_RE_DEPLOYMENT D on B.DEPLOYMENT_ID_ = D.ID_ where D.NAME_ = ? and (D.SOURCE_ is null or D.SOURCE_ = ? ) and B.NAME_ in ( ? ) group by B.NAME_) LAST_RESOURCE on B.NAME_ = LAST_RESOURCE.NAME_ inner join ACT_RE_DEPLOYMENT D on B.DEPLOYMENT_ID_ = D.ID_ and D.DEPLOY_TIME_ = LAST_RESOURCE.DEPLOY_TIME_ and D.NAME_ = ? and (D.SOURCE_ is null or D.SOURCE_ = ? ) and D.TENANT_ID_ is null 
17:43:35.968 DEBUG [o.c.b.e.i.p.e.R.selectLatestResourcesByDeploymentName]  ==> Parameters: SpringAutoDeployment(String), process application(String), D:\Master projekat\Master-SmartContracts-with-BPMN\RentACar\target\classes\RentACar.bpmn(String), SpringAutoDeployment(String), process application(String)
17:43:35.983 DEBUG [o.c.b.e.i.p.e.R.selectLatestResourcesByDeploymentName]  <==      Total: 1
17:43:35.983 DEBUG [o.c.b.e.cmd]  ENGINE-13002 Using existing deployment
17:43:35.983 DEBUG [o.c.b.e.i.p.e.D.selectDeploymentsByName]  ==>  Preparing: select * from ACT_RE_DEPLOYMENT D where NAME_=? order by D.DEPLOY_TIME_ desc 
17:43:35.983 DEBUG [o.c.b.e.i.p.e.D.selectDeploymentsByName]  ==> Parameters: SpringAutoDeployment(String)
17:43:35.983 DEBUG [o.c.b.e.i.p.e.D.selectDeploymentsByName]  <==      Total: 3
17:43:35.983 DEBUG [o.c.b.e.cmd]  ENGINE-13011 closing existing command context
17:43:35.983 DEBUG [o.c.b.e.persistence]  ENGINE-03006 Cache state after flush: [
  PERSISTENT ResourceEntity[49d8ce40-f21d-11ea-b1af-7670fdb046e0]
  PERSISTENT DeploymentEntity[49d8ce3f-f21d-11ea-b1af-7670fdb046e0]
  PERSISTENT DeploymentEntity[f1b644a0-e708-11ea-9394-7670fdb046e0]
  PERSISTENT DeploymentEntity[61aa5392-e8ad-11ea-afa7-7670fdb046e0]
]
17:43:35.983 DEBUG [o.a.i.t.m.ManagedTransaction]  Closing JDBC Connection [Transaction-aware proxy for target Connection [HikariProxyConnection@767312012 wrapping com.mysql.cj.jdbc.ConnectionImpl@2643d762]]
17:43:35.983 DEBUG [o.c.b.e.cmd]  ENGINE-13006 Finishing command -------------------- DeployCmd ----------------------
17:43:36.015 DEBUG [o.c.b.e.cmd]  ENGINE-13005 Starting command -------------------- MetricsCollectionTask$1 ----------------------
17:43:36.015 DEBUG [o.c.b.e.cmd]  ENGINE-13009 opening new command context
17:43:36.015 DEBUG [o.c.b.e.cmd]  ENGINE-13011 closing existing command context
17:43:36.015 DEBUG [o.c.b.e.persistence]  ENGINE-03006 Cache state after flush: [
  PERSISTENT MeterLogEntity[b8644eec-f50e-11ea-835f-7670fdb046e0]
  PERSISTENT MeterLogEntity[b8644eed-f50e-11ea-835f-7670fdb046e0]
  PERSISTENT MeterLogEntity[b8644eee-f50e-11ea-835f-7670fdb046e0]
  PERSISTENT MeterLogEntity[b8644ef4-f50e-11ea-835f-7670fdb046e0]
  PERSISTENT MeterLogEntity[b8644eef-f50e-11ea-835f-7670fdb046e0]
  PERSISTENT MeterLogEntity[b8644ef5-f50e-11ea-835f-7670fdb046e0]
  PERSISTENT MeterLogEntity[b8644ef2-f50e-11ea-835f-7670fdb046e0]
  PERSISTENT MeterLogEntity[b8644ef3-f50e-11ea-835f-7670fdb046e0]
  PERSISTENT MeterLogEntity[b8644ef0-f50e-11ea-835f-7670fdb046e0]
  PERSISTENT MeterLogEntity[b8644ef1-f50e-11ea-835f-7670fdb046e0]
]
17:43:36.030 DEBUG [o.c.b.e.persistence]  ENGINE-03008 Flush Summary: [
  INSERT MeterLogEntity[b8644eec-f50e-11ea-835f-7670fdb046e0]
  INSERT MeterLogEntity[b8644eed-f50e-11ea-835f-7670fdb046e0]
  INSERT MeterLogEntity[b8644eee-f50e-11ea-835f-7670fdb046e0]
  INSERT MeterLogEntity[b8644eef-f50e-11ea-835f-7670fdb046e0]
  INSERT MeterLogEntity[b8644ef0-f50e-11ea-835f-7670fdb046e0]
  INSERT MeterLogEntity[b8644ef1-f50e-11ea-835f-7670fdb046e0]
  INSERT MeterLogEntity[b8644ef2-f50e-11ea-835f-7670fdb046e0]
  INSERT MeterLogEntity[b8644ef3-f50e-11ea-835f-7670fdb046e0]
  INSERT MeterLogEntity[b8644ef4-f50e-11ea-835f-7670fdb046e0]
  INSERT MeterLogEntity[b8644ef5-f50e-11ea-835f-7670fdb046e0]
]
17:43:36.030 DEBUG [o.c.b.e.persistence]  ENGINE-03009 SQL operation: 'INSERT'; Entity: 'MeterLogEntity[id=b8644eec-f50e-11ea-835f-7670fdb046e0]'
17:43:36.030 DEBUG [o.a.i.t.m.ManagedTransaction]  Opening JDBC Connection
17:43:36.030 DEBUG [o.c.b.e.i.p.e.M.insertMeterLog]  ==>  Preparing: insert into ACT_RU_METER_LOG (ID_, NAME_, REPORTER_, VALUE_, TIMESTAMP_, MILLISECONDS_) values ( ?, ?, ?, ?, ?, ? ) 
17:43:36.030 DEBUG [o.c.b.e.i.p.e.M.insertMeterLog]  ==> Parameters: b8644eec-f50e-11ea-835f-7670fdb046e0(String), activity-instance-start(String), 192.168.0.16$default(String), 0(Long), 2020-09-12 17:43:36.015(Timestamp), 1599925416015(Long)
17:43:36.030 DEBUG [o.c.b.e.persistence]  ENGINE-03009 SQL operation: 'INSERT'; Entity: 'MeterLogEntity[id=b8644eed-f50e-11ea-835f-7670fdb046e0]'
17:43:36.030 DEBUG [o.c.b.e.i.p.e.M.insertMeterLog]  ==> Parameters: b8644eed-f50e-11ea-835f-7670fdb046e0(String), job-acquired-failure(String), 192.168.0.16$default(String), 0(Long), 2020-09-12 17:43:36.015(Timestamp), 1599925416015(Long)
17:43:36.030 DEBUG [o.c.b.e.persistence]  ENGINE-03009 SQL operation: 'INSERT'; Entity: 'MeterLogEntity[id=b8644eee-f50e-11ea-835f-7670fdb046e0]'
17:43:36.030 DEBUG [o.c.b.e.i.p.e.M.insertMeterLog]  ==> Parameters: b8644eee-f50e-11ea-835f-7670fdb046e0(String), job-locked-exclusive(String), 192.168.0.16$default(String), 0(Long), 2020-09-12 17:43:36.015(Timestamp), 1599925416015(Long)
17:43:36.030 DEBUG [o.c.b.e.persistence]  ENGINE-03009 SQL operation: 'INSERT'; Entity: 'MeterLogEntity[id=b8644eef-f50e-11ea-835f-7670fdb046e0]'
17:43:36.030 DEBUG [o.c.b.e.i.p.e.M.insertMeterLog]  ==> Parameters: b8644eef-f50e-11ea-835f-7670fdb046e0(String), job-execution-rejected(String), 192.168.0.16$default(String), 0(Long), 2020-09-12 17:43:36.015(Timestamp), 1599925416015(Long)
17:43:36.030 DEBUG [o.c.b.e.persistence]  ENGINE-03009 SQL operation: 'INSERT'; Entity: 'MeterLogEntity[id=b8644ef0-f50e-11ea-835f-7670fdb046e0]'
17:43:36.030 DEBUG [o.c.b.e.i.p.e.M.insertMeterLog]  ==> Parameters: b8644ef0-f50e-11ea-835f-7670fdb046e0(String), executed-decision-elements(String), 192.168.0.16$default(String), 0(Long), 2020-09-12 17:43:36.015(Timestamp), 1599925416015(Long)
17:43:36.030 DEBUG [o.c.b.e.persistence]  ENGINE-03009 SQL operation: 'INSERT'; Entity: 'MeterLogEntity[id=b8644ef1-f50e-11ea-835f-7670fdb046e0]'
17:43:36.030 DEBUG [o.c.b.e.i.p.e.M.insertMeterLog]  ==> Parameters: b8644ef1-f50e-11ea-835f-7670fdb046e0(String), activity-instance-end(String), 192.168.0.16$default(String), 0(Long), 2020-09-12 17:43:36.015(Timestamp), 1599925416015(Long)
17:43:36.030 DEBUG [o.c.b.e.persistence]  ENGINE-03009 SQL operation: 'INSERT'; Entity: 'MeterLogEntity[id=b8644ef2-f50e-11ea-835f-7670fdb046e0]'
17:43:36.030 DEBUG [o.c.b.e.i.p.e.M.insertMeterLog]  ==> Parameters: b8644ef2-f50e-11ea-835f-7670fdb046e0(String), job-successful(String), 192.168.0.16$default(String), 0(Long), 2020-09-12 17:43:36.015(Timestamp), 1599925416015(Long)
17:43:36.030 DEBUG [o.c.b.e.persistence]  ENGINE-03009 SQL operation: 'INSERT'; Entity: 'MeterLogEntity[id=b8644ef3-f50e-11ea-835f-7670fdb046e0]'
17:43:36.030 DEBUG [o.c.b.e.i.p.e.M.insertMeterLog]  ==> Parameters: b8644ef3-f50e-11ea-835f-7670fdb046e0(String), job-acquired-success(String), 192.168.0.16$default(String), 0(Long), 2020-09-12 17:43:36.015(Timestamp), 1599925416015(Long)
17:43:36.030 DEBUG [o.c.b.e.persistence]  ENGINE-03009 SQL operation: 'INSERT'; Entity: 'MeterLogEntity[id=b8644ef4-f50e-11ea-835f-7670fdb046e0]'
17:43:36.030 DEBUG [o.c.b.e.i.p.e.M.insertMeterLog]  ==> Parameters: b8644ef4-f50e-11ea-835f-7670fdb046e0(String), job-acquisition-attempt(String), 192.168.0.16$default(String), 0(Long), 2020-09-12 17:43:36.015(Timestamp), 1599925416015(Long)
17:43:36.030 DEBUG [o.c.b.e.persistence]  ENGINE-03009 SQL operation: 'INSERT'; Entity: 'MeterLogEntity[id=b8644ef5-f50e-11ea-835f-7670fdb046e0]'
17:43:36.030 DEBUG [o.c.b.e.i.p.e.M.insertMeterLog]  ==> Parameters: b8644ef5-f50e-11ea-835f-7670fdb046e0(String), job-failed(String), 192.168.0.16$default(String), 0(Long), 2020-09-12 17:43:36.015(Timestamp), 1599925416015(Long)
17:43:36.061 DEBUG [o.c.b.e.persistence]  ENGINE-03082 Batch summary:
Result 0:	insert into ACT_RU_METER_LOG (ID_, NAME_, REPORTER_, VALUE_, TIMESTAMP_, MILLISECONDS_) values ( ?, ?, ?, ?, ?, ? )	Update counts: [1, 1, 1, 1, 1, 1, 1, 1, 1, 1]

17:43:36.061 DEBUG [o.a.i.t.m.ManagedTransaction]  Closing JDBC Connection [Transaction-aware proxy for target Connection [HikariProxyConnection@1189303711 wrapping com.mysql.cj.jdbc.ConnectionImpl@2643d762]]
17:43:36.171 DEBUG [o.c.b.e.cmd]  ENGINE-13006 Finishing command -------------------- MetricsCollectionTask$1 ----------------------
17:43:36.171 DEBUG [o.c.b.e.cmd]  ENGINE-13005 Starting command -------------------- SchemaOperationProcessEngineClose ----------------------
17:43:36.171 DEBUG [o.c.b.e.cmd]  ENGINE-13009 opening new command context
17:43:36.171 DEBUG [o.c.b.e.cmd]  ENGINE-13011 closing existing command context
17:43:36.171 DEBUG [o.c.b.e.cmd]  ENGINE-13006 Finishing command -------------------- SchemaOperationProcessEngineClose ----------------------
17:43:36.186 INFO [o.c.b.engine]  ENGINE-00007 Process Engine default closed
17:43:36.186 INFO [c.z.h.HikariDataSource]  HikariPool-1 - Shutdown initiated...
17:43:36.186 DEBUG [c.z.h.p.HikariPool]  HikariPool-1 - Before shutdown stats (total=10, active=0, idle=10, waiting=0)
17:43:36.186 DEBUG [c.z.h.p.PoolBase]  HikariPool-1 - Closing connection com.mysql.cj.jdbc.ConnectionImpl@2643d762: (connection evicted)
17:43:36.186 DEBUG [c.z.h.p.PoolBase]  HikariPool-1 - Closing connection com.mysql.cj.jdbc.ConnectionImpl@1281714f: (connection evicted)
17:43:36.186 DEBUG [c.z.h.p.PoolBase]  HikariPool-1 - Closing connection com.mysql.cj.jdbc.ConnectionImpl@53bc7b74: (connection evicted)
17:43:36.186 DEBUG [c.z.h.p.PoolBase]  HikariPool-1 - Closing connection com.mysql.cj.jdbc.ConnectionImpl@62a5eba0: (connection evicted)
17:43:36.186 DEBUG [c.z.h.p.PoolBase]  HikariPool-1 - Closing connection com.mysql.cj.jdbc.ConnectionImpl@3393843b: (connection evicted)
17:43:36.186 DEBUG [c.z.h.p.PoolBase]  HikariPool-1 - Closing connection com.mysql.cj.jdbc.ConnectionImpl@3ae1ea1e: (connection evicted)
17:43:36.186 DEBUG [c.z.h.p.PoolBase]  HikariPool-1 - Closing connection com.mysql.cj.jdbc.ConnectionImpl@37dd5b09: (connection evicted)
17:43:36.186 DEBUG [c.z.h.p.PoolBase]  HikariPool-1 - Closing connection com.mysql.cj.jdbc.ConnectionImpl@4f0ef396: (connection evicted)
17:43:36.202 DEBUG [c.z.h.p.PoolBase]  HikariPool-1 - Closing connection com.mysql.cj.jdbc.ConnectionImpl@54aaffce: (connection evicted)
17:43:36.202 DEBUG [c.z.h.p.PoolBase]  HikariPool-1 - Closing connection com.mysql.cj.jdbc.ConnectionImpl@3ad77937: (connection evicted)
17:43:36.202 DEBUG [c.z.h.p.HikariPool]  HikariPool-1 - After shutdown stats (total=0, active=0, idle=0, waiting=0)
17:43:36.202 INFO [c.z.h.HikariDataSource]  HikariPool-1 - Shutdown completed.
17:43:36.202 INFO [o.a.c.c.StandardService]  Stopping service [Tomcat]
17:43:36.202 ERROR [o.a.c.c.C.[.[.[/]]  Failed to destroy the filter named [Engines Filter] of type [org.camunda.bpm.spring.boot.starter.webapp.filter.LazyProcessEnginesFilter]
java.lang.NullPointerException: null
	at org.camunda.bpm.spring.boot.starter.webapp.filter.LazyDelegateFilter.destroy(LazyDelegateFilter.java:49)
	at org.apache.catalina.core.ApplicationFilterConfig.release(ApplicationFilterConfig.java:318)
	at org.apache.catalina.core.StandardContext.filterStop(StandardContext.java:4670)
	at org.apache.catalina.core.StandardContext.stopInternal(StandardContext.java:5470)
	at org.apache.catalina.util.LifecycleBase.stop(LifecycleBase.java:226)
	at org.apache.catalina.core.ContainerBase$StopChild.call(ContainerBase.java:1437)
	at org.apache.catalina.core.ContainerBase$StopChild.call(ContainerBase.java:1426)
	at java.util.concurrent.FutureTask.run(Unknown Source)
	at java.util.concurrent.ThreadPoolExecutor.runWorker(Unknown Source)
	at java.util.concurrent.ThreadPoolExecutor$Worker.run(Unknown Source)
	at java.lang.Thread.run(Unknown Source)
17:43:36.202 ERROR [o.a.c.c.C.[.[.[/]]  Failed to destroy the filter named [Security Filter] of type [org.camunda.bpm.spring.boot.starter.webapp.filter.LazySecurityFilter]
java.lang.NullPointerException: null
	at org.camunda.bpm.spring.boot.starter.webapp.filter.LazyDelegateFilter.destroy(LazyDelegateFilter.java:49)
	at org.apache.catalina.core.ApplicationFilterConfig.release(ApplicationFilterConfig.java:318)
	at org.apache.catalina.core.StandardContext.filterStop(StandardContext.java:4670)
	at org.apache.catalina.core.StandardContext.stopInternal(StandardContext.java:5470)
	at org.apache.catalina.util.LifecycleBase.stop(LifecycleBase.java:226)
	at org.apache.catalina.core.ContainerBase$StopChild.call(ContainerBase.java:1437)
	at org.apache.catalina.core.ContainerBase$StopChild.call(ContainerBase.java:1426)
	at java.util.concurrent.FutureTask.run(Unknown Source)
	at java.util.concurrent.ThreadPoolExecutor.runWorker(Unknown Source)
	at java.util.concurrent.ThreadPoolExecutor$Worker.run(Unknown Source)
	at java.lang.Thread.run(Unknown Source)
17:43:36.229 ERROR [o.s.b.SpringApplication]  Application run failed
org.springframework.beans.factory.BeanCreationException: Error creating bean with name 'ethereumController' defined in file [D:\Master projekat\Master-SmartContracts-with-BPMN\RentACar\target\classes\com\Service\controllers\EthereumController.class]: Instantiation of bean failed; nested exception is org.springframework.beans.BeanInstantiationException: Failed to instantiate [com.Service.controllers.EthereumController]: Constructor threw exception; nested exception is java.lang.Error: Unresolved compilation problem: 
	Syntax error, insert "}" to complete ClassBody

	at org.springframework.beans.factory.support.AbstractAutowireCapableBeanFactory.instantiateBean(AbstractAutowireCapableBeanFactory.java:1236)
	at org.springframework.beans.factory.support.AbstractAutowireCapableBeanFactory.createBeanInstance(AbstractAutowireCapableBeanFactory.java:1135)
	at org.springframework.beans.factory.support.AbstractAutowireCapableBeanFactory.doCreateBean(AbstractAutowireCapableBeanFactory.java:541)
	at org.springframework.beans.factory.support.AbstractAutowireCapableBeanFactory.createBean(AbstractAutowireCapableBeanFactory.java:501)
	at org.springframework.beans.factory.support.AbstractBeanFactory.lambda$doGetBean$0(AbstractBeanFactory.java:317)
	at org.springframework.beans.factory.support.DefaultSingletonBeanRegistry.getSingleton(DefaultSingletonBeanRegistry.java:228)
	at org.springframework.beans.factory.support.AbstractBeanFactory.doGetBean(AbstractBeanFactory.java:315)
	at org.springframework.beans.factory.support.AbstractBeanFactory.getBean(AbstractBeanFactory.java:199)
	at org.springframework.beans.factory.support.DefaultListableBeanFactory.preInstantiateSingletons(DefaultListableBeanFactory.java:760)
	at org.springframework.context.support.AbstractApplicationContext.finishBeanFactoryInitialization(AbstractApplicationContext.java:869)
	at org.springframework.context.support.AbstractApplicationContext.refresh(AbstractApplicationContext.java:550)
	at org.springframework.boot.web.servlet.context.ServletWebServerApplicationContext.refresh(ServletWebServerApplicationContext.java:140)
	at org.springframework.boot.SpringApplication.refresh(SpringApplication.java:759)
	at org.springframework.boot.SpringApplication.refreshContext(SpringApplication.java:395)
	at org.springframework.boot.SpringApplication.run(SpringApplication.java:327)
	at org.springframework.boot.SpringApplication.run(SpringApplication.java:1255)
	at org.springframework.boot.SpringApplication.run(SpringApplication.java:1243)
	at com.Service.RentACar.RentACarApplication.main(RentACarApplication.java:23)
Caused by: org.springframework.beans.BeanInstantiationException: Failed to instantiate [com.Service.controllers.EthereumController]: Constructor threw exception; nested exception is java.lang.Error: Unresolved compilation problem: 
	Syntax error, insert "}" to complete ClassBody

	at org.springframework.beans.BeanUtils.instantiateClass(BeanUtils.java:182)
	at org.springframework.beans.factory.support.SimpleInstantiationStrategy.instantiate(SimpleInstantiationStrategy.java:87)
	at org.springframework.beans.factory.support.AbstractAutowireCapableBeanFactory.instantiateBean(AbstractAutowireCapableBeanFactory.java:1228)
	... 17 common frames omitted
Caused by: java.lang.Error: Unresolved compilation problem: 
	Syntax error, insert "}" to complete ClassBody

	at com.Service.controllers.EthereumController.<init>(EthereumController.java:135)
	at sun.reflect.NativeConstructorAccessorImpl.newInstance0(Native Method)
	at sun.reflect.NativeConstructorAccessorImpl.newInstance(Unknown Source)
	at sun.reflect.DelegatingConstructorAccessorImpl.newInstance(Unknown Source)
	at java.lang.reflect.Constructor.newInstance(Unknown Source)
	at org.springframework.beans.BeanUtils.instantiateClass(BeanUtils.java:170)
	... 19 common frames omitted
